<?xml version="1.0" encoding="UTF-8"?>
<!-- Generated by org.testng.reporters.JUnitXMLReporter -->
<testsuite ignored="0" hostname="NASIB" failures="0" tests="4" name="Default test" time="9.782" errors="0" timestamp="2023-09-06T08:43:10 EDT">
  <testcase classname="api.testcases.UserTestCase2" name="testCreateUser" time="5.946"/>
  <testcase classname="api.testcases.UserTestCase2" name="testGetUser" time="0.926"/>
  <testcase classname="api.testcases.UserTestCase2" name="testUpdateUser" time="0.807"/>
  <testcase classname="api.testcases.UserTestCase2" name="testDeleteUser" time="0.569"/>
</testsuite> <!-- Default test -->
