<?xml version="1.0" encoding="UTF-8"?>
<!-- Generated by org.testng.reporters.JUnitXMLReporter -->
<testsuite ignored="0" hostname="NASIB" failures="0" tests="4" name="Test" time="11.298" errors="0" timestamp="2023-09-06T08:12:59 EDT">
  <testcase classname="api.testcases.UserTestCase" name="testCreateUser" time="5.736"/>
  <testcase classname="api.testcases.UserTestCase" name="testGetUser" time="1.133"/>
  <testcase classname="api.testcases.UserTestCase" name="testUpdateUser" time="1.577"/>
  <testcase classname="api.testcases.UserTestCase" name="testDeleteUser" time="0.385"/>
</testsuite> <!-- Test -->
