<?xml version="1.0" encoding="UTF-8"?>
<testng-results ignored="0" total="4" passed="4" failed="0" skipped="0">
  <reporter-output>
  </reporter-output>
  <suite started-at="2023-09-06T09:09:03 EDT" name="api.testcases.UserTestCase" finished-at="2023-09-06T09:09:13 EDT" duration-ms="9915">
    <groups>
    </groups>
    <test started-at="2023-09-06T09:09:03 EDT" name="Command line test" finished-at="2023-09-06T09:09:13 EDT" duration-ms="9915">
      <class name="api.testcases.UserTestCase">
        <test-method is-config="true" signature="generateTestData()[pri:0, instance:api.testcases.UserTestCase@62e136d3]" started-at="2023-09-06T09:09:03 EDT" name="generateTestData" finished-at="2023-09-06T09:09:05 EDT" duration-ms="1894" status="PASS">
          <reporter-output>
          </reporter-output>
        </test-method> <!-- generateTestData -->
        <test-method signature="testCreateUser()[pri:1, instance:api.testcases.UserTestCase@62e136d3]" started-at="2023-09-06T09:09:05 EDT" name="testCreateUser" finished-at="2023-09-06T09:09:10 EDT" duration-ms="4694" status="PASS">
          <reporter-output>
          </reporter-output>
        </test-method> <!-- testCreateUser -->
        <test-method signature="testGetUser()[pri:2, instance:api.testcases.UserTestCase@62e136d3]" started-at="2023-09-06T09:09:10 EDT" name="testGetUser" finished-at="2023-09-06T09:09:11 EDT" duration-ms="805" status="PASS">
          <reporter-output>
          </reporter-output>
        </test-method> <!-- testGetUser -->
        <test-method signature="testUpdateUser()[pri:3, instance:api.testcases.UserTestCase@62e136d3]" started-at="2023-09-06T09:09:11 EDT" name="testUpdateUser" finished-at="2023-09-06T09:09:12 EDT" duration-ms="1626" status="PASS">
          <reporter-output>
          </reporter-output>
        </test-method> <!-- testUpdateUser -->
        <test-method signature="testDeleteUser()[pri:4, instance:api.testcases.UserTestCase@62e136d3]" started-at="2023-09-06T09:09:12 EDT" name="testDeleteUser" finished-at="2023-09-06T09:09:13 EDT" duration-ms="810" status="PASS">
          <reporter-output>
          </reporter-output>
        </test-method> <!-- testDeleteUser -->
      </class> <!-- api.testcases.UserTestCase -->
    </test> <!-- Command line test -->
  </suite> <!-- api.testcases.UserTestCase -->
</testng-results>
