<?xml version="1.0" encoding="UTF-8"?>
<testng-results ignored="0" total="4" passed="4" failed="0" skipped="0">
  <reporter-output>
  </reporter-output>
  <suite started-at="2023-09-06T08:43:01 EDT" name="Default suite" finished-at="2023-09-06T08:43:10 EDT" duration-ms="9782">
    <groups>
    </groups>
    <test started-at="2023-09-06T08:43:01 EDT" name="Default test" finished-at="2023-09-06T08:43:10 EDT" duration-ms="9782">
      <class name="api.testcases.UserTestCase2">
        <test-method is-config="true" signature="generateTestData()[pri:0, instance:api.testcases.UserTestCase2@771a660]" started-at="2023-09-06T08:43:01 EDT" name="generateTestData" finished-at="2023-09-06T08:43:02 EDT" duration-ms="1441" status="PASS">
          <reporter-output>
          </reporter-output>
        </test-method> <!-- generateTestData -->
        <test-method signature="testCreateUser()[pri:1, instance:api.testcases.UserTestCase2@771a660]" started-at="2023-09-06T08:43:02 EDT" name="testCreateUser" finished-at="2023-09-06T08:43:08 EDT" duration-ms="5946" status="PASS">
          <reporter-output>
          </reporter-output>
        </test-method> <!-- testCreateUser -->
        <test-method signature="testGetUser()[pri:2, instance:api.testcases.UserTestCase2@771a660]" started-at="2023-09-06T08:43:08 EDT" name="testGetUser" finished-at="2023-09-06T08:43:09 EDT" duration-ms="926" status="PASS">
          <reporter-output>
          </reporter-output>
        </test-method> <!-- testGetUser -->
        <test-method signature="testUpdateUser()[pri:3, instance:api.testcases.UserTestCase2@771a660]" started-at="2023-09-06T08:43:09 EDT" name="testUpdateUser" finished-at="2023-09-06T08:43:10 EDT" duration-ms="807" status="PASS">
          <reporter-output>
          </reporter-output>
        </test-method> <!-- testUpdateUser -->
        <test-method signature="testDeleteUser()[pri:4, instance:api.testcases.UserTestCase2@771a660]" started-at="2023-09-06T08:43:10 EDT" name="testDeleteUser" finished-at="2023-09-06T08:43:10 EDT" duration-ms="569" status="PASS">
          <reporter-output>
          </reporter-output>
        </test-method> <!-- testDeleteUser -->
      </class> <!-- api.testcases.UserTestCase2 -->
    </test> <!-- Default test -->
  </suite> <!-- Default suite -->
</testng-results>
