<?xml version="1.0" encoding="UTF-8"?>
<!-- Generated by org.testng.reporters.JUnitXMLReporter -->
<testsuite ignored="0" hostname="NASIB" failures="0" tests="4" name="Command line test" time="9.915" errors="0" timestamp="2023-09-06T09:09:13 EDT">
  <testcase classname="api.testcases.UserTestCase" name="testCreateUser" time="4.694"/>
  <testcase classname="api.testcases.UserTestCase" name="testGetUser" time="0.805"/>
  <testcase classname="api.testcases.UserTestCase" name="testUpdateUser" time="1.626"/>
  <testcase classname="api.testcases.UserTestCase" name="testDeleteUser" time="0.81"/>
</testsuite> <!-- Command line test -->
